<?xml version="1.0" encoding="UTF-8"?>
<!-- Generated by org.testng.reporters.JUnitXMLReporter -->
<testsuite ignored="0" hostname="lenovo" failures="0" tests="5" name="Default test" time="91.556" errors="0" timestamp="2025-07-22T21:22:13 IST">
  <testcase classname="tests.LoginTest" name="loginTest" time="9.271"/>
  <testcase classname="tests.LoginTest" name="loginTest" time="15.088"/>
  <testcase classname="tests.LoginTest" name="loginTest" time="15.02"/>
  <testcase classname="tests.LoginTest" name="loginTest" time="15.778"/>
  <testcase classname="tests.LoginTest" name="loginTest" time="16.428"/>
</testsuite> <!-- Default test -->
