<?xml version="1.0" encoding="UTF-8"?>
<!-- Generated by org.testng.reporters.JUnitXMLReporter -->
<testsuite ignored="0" hostname="lenovo" failures="0" tests="6" name="Login Tests" time="97.456" errors="0" timestamp="2025-07-22T18:12:30 IST">
  <testcase classname="tests.LoginTest" name="loginTest" time="9.449"/>
  <testcase classname="tests.LoginTest" name="loginTest" time="14.648"/>
  <testcase classname="tests.LoginTest" name="loginTest" time="15.471"/>
  <testcase classname="tests.LoginTest" name="loginTest" time="14.624"/>
  <testcase classname="tests.LoginTest" name="loginTest" time="14.444"/>
  <testcase classname="tests.AdminTest" name="testAdminLoginAndDashboard" time="7.844"/>
</testsuite> <!-- Login Tests -->
