<?xml version="1.0" encoding="UTF-8"?>
<testng-results ignored="0" total="6" passed="6" failed="0" skipped="0">
  <reporter-output>
  </reporter-output>
  <suite started-at="2025-07-22T18:10:52 IST" name="OrangeHRM Test Suite" finished-at="2025-07-22T18:12:30 IST" duration-ms="97456">
    <groups>
    </groups>
    <test started-at="2025-07-22T18:10:52 IST" name="Login Tests" finished-at="2025-07-22T18:12:30 IST" duration-ms="97456">
      <class name="tests.LoginTest">
        <test-method is-config="true" signature="setUp()[pri:0, instance:tests.LoginTest@247bddad]" started-at="2025-07-22T18:10:53 IST" name="setUp" finished-at="2025-07-22T18:10:57 IST" duration-ms="4048" status="PASS">
          <reporter-output>
          </reporter-output>
        </test-method> <!-- setUp -->
        <test-method signature="loginTest(java.lang.String,java.lang.String)[pri:0, instance:tests.LoginTest@247bddad]" started-at="2025-07-22T18:10:57 IST" name="loginTest" data-provider="loginData" finished-at="2025-07-22T18:11:07 IST" duration-ms="9449" status="PASS">
          <params>
            <param index="0">
              <value>
                <![CDATA[Admin]]>
              </value>
            </param>
            <param index="1">
              <value>
                <![CDATA[admin123]]>
              </value>
            </param>
          </params>
          <reporter-output>
          </reporter-output>
        </test-method> <!-- loginTest -->
        <test-method is-config="true" signature="tearDown()[pri:0, instance:tests.LoginTest@247bddad]" started-at="2025-07-22T18:11:07 IST" name="tearDown" finished-at="2025-07-22T18:11:08 IST" duration-ms="793" status="PASS">
          <reporter-output>
          </reporter-output>
        </test-method> <!-- tearDown -->
        <test-method is-config="true" signature="setUp()[pri:0, instance:tests.LoginTest@247bddad]" started-at="2025-07-22T18:11:08 IST" name="setUp" finished-at="2025-07-22T18:11:10 IST" duration-ms="2268" status="PASS">
          <reporter-output>
          </reporter-output>
        </test-method> <!-- setUp -->
        <test-method signature="loginTest(java.lang.String,java.lang.String)[pri:0, instance:tests.LoginTest@247bddad]" started-at="2025-07-22T18:11:10 IST" name="loginTest" data-provider="loginData" finished-at="2025-07-22T18:11:24 IST" duration-ms="14648" status="PASS">
          <params>
            <param index="0">
              <value>
                <![CDATA[admin]]>
              </value>
            </param>
            <param index="1">
              <value>
                <![CDATA[123456]]>
              </value>
            </param>
          </params>
          <reporter-output>
          </reporter-output>
        </test-method> <!-- loginTest -->
        <test-method is-config="true" signature="tearDown()[pri:0, instance:tests.LoginTest@247bddad]" started-at="2025-07-22T18:11:24 IST" name="tearDown" finished-at="2025-07-22T18:11:25 IST" duration-ms="963" status="PASS">
          <reporter-output>
          </reporter-output>
        </test-method> <!-- tearDown -->
        <test-method is-config="true" signature="setUp()[pri:0, instance:tests.LoginTest@247bddad]" started-at="2025-07-22T18:11:25 IST" name="setUp" finished-at="2025-07-22T18:11:28 IST" duration-ms="2287" status="PASS">
          <reporter-output>
          </reporter-output>
        </test-method> <!-- setUp -->
        <test-method signature="loginTest(java.lang.String,java.lang.String)[pri:0, instance:tests.LoginTest@247bddad]" started-at="2025-07-22T18:11:28 IST" name="loginTest" data-provider="loginData" finished-at="2025-07-22T18:11:43 IST" duration-ms="15471" status="PASS">
          <params>
            <param index="0">
              <value>
                <![CDATA[fakeUser]]>
              </value>
            </param>
            <param index="1">
              <value>
                <![CDATA[wrongpass]]>
              </value>
            </param>
          </params>
          <reporter-output>
          </reporter-output>
        </test-method> <!-- loginTest -->
        <test-method is-config="true" signature="tearDown()[pri:0, instance:tests.LoginTest@247bddad]" started-at="2025-07-22T18:11:43 IST" name="tearDown" finished-at="2025-07-22T18:11:44 IST" duration-ms="736" status="PASS">
          <reporter-output>
          </reporter-output>
        </test-method> <!-- tearDown -->
        <test-method is-config="true" signature="setUp()[pri:0, instance:tests.LoginTest@247bddad]" started-at="2025-07-22T18:11:44 IST" name="setUp" finished-at="2025-07-22T18:11:46 IST" duration-ms="2401" status="PASS">
          <reporter-output>
          </reporter-output>
        </test-method> <!-- setUp -->
        <test-method signature="loginTest(java.lang.String,java.lang.String)[pri:0, instance:tests.LoginTest@247bddad]" started-at="2025-07-22T18:11:46 IST" name="loginTest" data-provider="loginData" finished-at="2025-07-22T18:12:01 IST" duration-ms="14624" status="PASS">
          <params>
            <param index="0">
              <value>
                <![CDATA[user1]]>
              </value>
            </param>
            <param index="1">
              <value>
                <![CDATA[pass1]]>
              </value>
            </param>
          </params>
          <reporter-output>
          </reporter-output>
        </test-method> <!-- loginTest -->
        <test-method is-config="true" signature="tearDown()[pri:0, instance:tests.LoginTest@247bddad]" started-at="2025-07-22T18:12:01 IST" name="tearDown" finished-at="2025-07-22T18:12:02 IST" duration-ms="751" status="PASS">
          <reporter-output>
          </reporter-output>
        </test-method> <!-- tearDown -->
        <test-method is-config="true" signature="setUp()[pri:0, instance:tests.LoginTest@247bddad]" started-at="2025-07-22T18:12:02 IST" name="setUp" finished-at="2025-07-22T18:12:04 IST" duration-ms="1920" status="PASS">
          <reporter-output>
          </reporter-output>
        </test-method> <!-- setUp -->
        <test-method signature="loginTest(java.lang.String,java.lang.String)[pri:0, instance:tests.LoginTest@247bddad]" started-at="2025-07-22T18:12:04 IST" name="loginTest" data-provider="loginData" finished-at="2025-07-22T18:12:18 IST" duration-ms="14444" status="PASS">
          <params>
            <param index="0">
              <value>
                <![CDATA[Admin]]>
              </value>
            </param>
            <param index="1">
              <value>
                <![CDATA[wrong123]]>
              </value>
            </param>
          </params>
          <reporter-output>
          </reporter-output>
        </test-method> <!-- loginTest -->
        <test-method is-config="true" signature="tearDown()[pri:0, instance:tests.LoginTest@247bddad]" started-at="2025-07-22T18:12:18 IST" name="tearDown" finished-at="2025-07-22T18:12:19 IST" duration-ms="730" status="PASS">
          <reporter-output>
          </reporter-output>
        </test-method> <!-- tearDown -->
      </class> <!-- tests.LoginTest -->
      <class name="tests.AdminTest">
        <test-method is-config="true" signature="setUp()[pri:0, instance:tests.AdminTest@192c3f1e]" started-at="2025-07-22T18:12:19 IST" name="setUp" finished-at="2025-07-22T18:12:21 IST" duration-ms="2392" status="PASS">
          <reporter-output>
          </reporter-output>
        </test-method> <!-- setUp -->
        <test-method signature="testAdminLoginAndDashboard()[pri:0, instance:tests.AdminTest@192c3f1e]" started-at="2025-07-22T18:12:21 IST" name="testAdminLoginAndDashboard" finished-at="2025-07-22T18:12:29 IST" duration-ms="7844" status="PASS">
          <reporter-output>
          </reporter-output>
        </test-method> <!-- testAdminLoginAndDashboard -->
        <test-method is-config="true" signature="tearDown()[pri:0, instance:tests.AdminTest@192c3f1e]" started-at="2025-07-22T18:12:29 IST" name="tearDown" finished-at="2025-07-22T18:12:30 IST" duration-ms="735" status="PASS">
          <reporter-output>
          </reporter-output>
        </test-method> <!-- tearDown -->
      </class> <!-- tests.AdminTest -->
    </test> <!-- Login Tests -->
  </suite> <!-- OrangeHRM Test Suite -->
</testng-results>
