<?xml version="1.0" encoding="UTF-8"?>
<testng-results ignored="0" total="5" passed="5" failed="0" skipped="0">
  <reporter-output>
  </reporter-output>
  <suite started-at="2025-07-22T21:20:41 IST" name="Default suite" finished-at="2025-07-22T21:22:13 IST" duration-ms="91556">
    <groups>
    </groups>
    <test started-at="2025-07-22T21:20:41 IST" name="Default test" finished-at="2025-07-22T21:22:13 IST" duration-ms="91556">
      <class name="tests.LoginTest">
        <test-method is-config="true" signature="setUp()[pri:0, instance:tests.LoginTest@3bd82cf5]" started-at="2025-07-22T21:20:42 IST" name="setUp" finished-at="2025-07-22T21:20:46 IST" duration-ms="3970" status="PASS">
          <reporter-output>
          </reporter-output>
        </test-method> <!-- setUp -->
        <test-method signature="loginTest(java.lang.String,java.lang.String)[pri:0, instance:tests.LoginTest@3bd82cf5]" started-at="2025-07-22T21:20:46 IST" name="loginTest" data-provider="loginData" finished-at="2025-07-22T21:20:56 IST" duration-ms="9271" status="PASS">
          <params>
            <param index="0">
              <value>
                <![CDATA[Admin]]>
              </value>
            </param>
            <param index="1">
              <value>
                <![CDATA[admin123]]>
              </value>
            </param>
          </params>
          <reporter-output>
          </reporter-output>
        </test-method> <!-- loginTest -->
        <test-method is-config="true" signature="tearDown()[pri:0, instance:tests.LoginTest@3bd82cf5]" started-at="2025-07-22T21:20:56 IST" name="tearDown" finished-at="2025-07-22T21:20:56 IST" duration-ms="767" status="PASS">
          <reporter-output>
          </reporter-output>
        </test-method> <!-- tearDown -->
        <test-method is-config="true" signature="setUp()[pri:0, instance:tests.LoginTest@3bd82cf5]" started-at="2025-07-22T21:20:56 IST" name="setUp" finished-at="2025-07-22T21:20:59 IST" duration-ms="2815" status="PASS">
          <reporter-output>
          </reporter-output>
        </test-method> <!-- setUp -->
        <test-method signature="loginTest(java.lang.String,java.lang.String)[pri:0, instance:tests.LoginTest@3bd82cf5]" started-at="2025-07-22T21:20:59 IST" name="loginTest" data-provider="loginData" finished-at="2025-07-22T21:21:14 IST" duration-ms="15088" status="PASS">
          <params>
            <param index="0">
              <value>
                <![CDATA[admin]]>
              </value>
            </param>
            <param index="1">
              <value>
                <![CDATA[123456]]>
              </value>
            </param>
          </params>
          <reporter-output>
          </reporter-output>
        </test-method> <!-- loginTest -->
        <test-method is-config="true" signature="tearDown()[pri:0, instance:tests.LoginTest@3bd82cf5]" started-at="2025-07-22T21:21:14 IST" name="tearDown" finished-at="2025-07-22T21:21:15 IST" duration-ms="733" status="PASS">
          <reporter-output>
          </reporter-output>
        </test-method> <!-- tearDown -->
        <test-method is-config="true" signature="setUp()[pri:0, instance:tests.LoginTest@3bd82cf5]" started-at="2025-07-22T21:21:15 IST" name="setUp" finished-at="2025-07-22T21:21:17 IST" duration-ms="2254" status="PASS">
          <reporter-output>
          </reporter-output>
        </test-method> <!-- setUp -->
        <test-method signature="loginTest(java.lang.String,java.lang.String)[pri:0, instance:tests.LoginTest@3bd82cf5]" started-at="2025-07-22T21:21:17 IST" name="loginTest" data-provider="loginData" finished-at="2025-07-22T21:21:32 IST" duration-ms="15020" status="PASS">
          <params>
            <param index="0">
              <value>
                <![CDATA[fakeUser]]>
              </value>
            </param>
            <param index="1">
              <value>
                <![CDATA[wrongpass]]>
              </value>
            </param>
          </params>
          <reporter-output>
          </reporter-output>
        </test-method> <!-- loginTest -->
        <test-method is-config="true" signature="tearDown()[pri:0, instance:tests.LoginTest@3bd82cf5]" started-at="2025-07-22T21:21:32 IST" name="tearDown" finished-at="2025-07-22T21:21:33 IST" duration-ms="942" status="PASS">
          <reporter-output>
          </reporter-output>
        </test-method> <!-- tearDown -->
        <test-method is-config="true" signature="setUp()[pri:0, instance:tests.LoginTest@3bd82cf5]" started-at="2025-07-22T21:21:33 IST" name="setUp" finished-at="2025-07-22T21:21:36 IST" duration-ms="3017" status="PASS">
          <reporter-output>
          </reporter-output>
        </test-method> <!-- setUp -->
        <test-method signature="loginTest(java.lang.String,java.lang.String)[pri:0, instance:tests.LoginTest@3bd82cf5]" started-at="2025-07-22T21:21:36 IST" name="loginTest" data-provider="loginData" finished-at="2025-07-22T21:21:52 IST" duration-ms="15778" status="PASS">
          <params>
            <param index="0">
              <value>
                <![CDATA[user1]]>
              </value>
            </param>
            <param index="1">
              <value>
                <![CDATA[pass1]]>
              </value>
            </param>
          </params>
          <reporter-output>
          </reporter-output>
        </test-method> <!-- loginTest -->
        <test-method is-config="true" signature="tearDown()[pri:0, instance:tests.LoginTest@3bd82cf5]" started-at="2025-07-22T21:21:52 IST" name="tearDown" finished-at="2025-07-22T21:21:53 IST" duration-ms="943" status="PASS">
          <reporter-output>
          </reporter-output>
        </test-method> <!-- tearDown -->
        <test-method is-config="true" signature="setUp()[pri:0, instance:tests.LoginTest@3bd82cf5]" started-at="2025-07-22T21:21:53 IST" name="setUp" finished-at="2025-07-22T21:21:56 IST" duration-ms="2916" status="PASS">
          <reporter-output>
          </reporter-output>
        </test-method> <!-- setUp -->
        <test-method signature="loginTest(java.lang.String,java.lang.String)[pri:0, instance:tests.LoginTest@3bd82cf5]" started-at="2025-07-22T21:21:56 IST" name="loginTest" data-provider="loginData" finished-at="2025-07-22T21:22:12 IST" duration-ms="16428" status="PASS">
          <params>
            <param index="0">
              <value>
                <![CDATA[Admin]]>
              </value>
            </param>
            <param index="1">
              <value>
                <![CDATA[wrong123]]>
              </value>
            </param>
          </params>
          <reporter-output>
          </reporter-output>
        </test-method> <!-- loginTest -->
        <test-method is-config="true" signature="tearDown()[pri:0, instance:tests.LoginTest@3bd82cf5]" started-at="2025-07-22T21:22:12 IST" name="tearDown" finished-at="2025-07-22T21:22:13 IST" duration-ms="733" status="PASS">
          <reporter-output>
          </reporter-output>
        </test-method> <!-- tearDown -->
      </class> <!-- tests.LoginTest -->
    </test> <!-- Default test -->
  </suite> <!-- Default suite -->
</testng-results>
